0 info it worked if it ends with ok
1 verbose cli [ '/usr/bin/node',
1 verbose cli   '/usr/bin/npm',
1 verbose cli   'owner',
1 verbose cli   'ls',
1 verbose cli   'ucsdsocial-server' ]
2 info using npm@3.10.10
3 info using node@v6.17.1
4 silly mapToRegistry name ucsdsocial-server
5 silly mapToRegistry using default registry
6 silly mapToRegistry registry https://registry.npmjs.org/
7 silly mapToRegistry data Result {
7 silly mapToRegistry   raw: 'ucsdsocial-server',
7 silly mapToRegistry   scope: null,
7 silly mapToRegistry   escapedName: 'ucsdsocial-server',
7 silly mapToRegistry   name: 'ucsdsocial-server',
7 silly mapToRegistry   rawSpec: '',
7 silly mapToRegistry   spec: 'latest',
7 silly mapToRegistry   type: 'tag' }
8 silly mapToRegistry uri https://registry.npmjs.org/ucsdsocial-server
9 verbose request uri https://registry.npmjs.org/ucsdsocial-server
10 verbose request no auth needed
11 info attempt registry request try #1 at 5:48:00 PM
12 verbose request id 342f33b402f06736
13 http request GET https://registry.npmjs.org/ucsdsocial-server
14 http 404 https://registry.npmjs.org/ucsdsocial-server
15 verbose headers { date: 'Wed, 20 Nov 2019 17:48:01 GMT',
15 verbose headers   'content-type': 'application/json',
15 verbose headers   'content-length': '21',
15 verbose headers   connection: 'keep-alive',
15 verbose headers   'set-cookie': [ '__cfduid=d0ac9aaa970fa4f9033aea66333cf7cc51574272081; expires=Fri, 20-Dec-19 17:48:01 GMT; path=/; domain=.npmjs.org; HttpOnly' ],
15 verbose headers   'cf-cache-status': 'MISS',
15 verbose headers   'cache-control': 'max-age=300',
15 verbose headers   'cf-ray': '538c409b99b056f1-IAD',
15 verbose headers   'expect-ct': 'max-age=604800, report-uri="https://report-uri.cloudflare.com/cdn-cgi/beacon/expect-ct"',
15 verbose headers   vary: 'accept-encoding, accept',
15 verbose headers   server: 'cloudflare' }
16 silly get cb [ 404,
16 silly get   { date: 'Wed, 20 Nov 2019 17:48:01 GMT',
16 silly get     'content-type': 'application/json',
16 silly get     'content-length': '21',
16 silly get     connection: 'keep-alive',
16 silly get     'set-cookie': [ '__cfduid=d0ac9aaa970fa4f9033aea66333cf7cc51574272081; expires=Fri, 20-Dec-19 17:48:01 GMT; path=/; domain=.npmjs.org; HttpOnly' ],
16 silly get     'cf-cache-status': 'MISS',
16 silly get     'cache-control': 'max-age=300',
16 silly get     'cf-ray': '538c409b99b056f1-IAD',
16 silly get     'expect-ct': 'max-age=604800, report-uri="https://report-uri.cloudflare.com/cdn-cgi/beacon/expect-ct"',
16 silly get     vary: 'accept-encoding, accept',
16 silly get     server: 'cloudflare' } ]
17 error owner ls Couldn't get owner data ucsdsocial-server
18 verbose stack Error: Not found : ucsdsocial-server
18 verbose stack     at makeError (/usr/lib/node_modules/npm/node_modules/npm-registry-client/lib/request.js:302:12)
18 verbose stack     at CachingRegistryClient.<anonymous> (/usr/lib/node_modules/npm/node_modules/npm-registry-client/lib/request.js:290:14)
18 verbose stack     at Request._callback (/usr/lib/node_modules/npm/node_modules/npm-registry-client/lib/request.js:210:14)
18 verbose stack     at Request.self.callback (/usr/lib/node_modules/npm/node_modules/request/request.js:187:22)
18 verbose stack     at emitTwo (events.js:106:13)
18 verbose stack     at Request.emit (events.js:191:7)
18 verbose stack     at Request.<anonymous> (/usr/lib/node_modules/npm/node_modules/request/request.js:1048:10)
18 verbose stack     at emitOne (events.js:96:13)
18 verbose stack     at Request.emit (events.js:188:7)
18 verbose stack     at IncomingMessage.<anonymous> (/usr/lib/node_modules/npm/node_modules/request/request.js:969:12)
19 verbose statusCode 404
20 verbose pkgid ucsdsocial-server
21 verbose cwd /root/CSE110_UCSDSocial
22 error Linux 4.14.146-120.181.amzn2.x86_64
23 error argv "/usr/bin/node" "/usr/bin/npm" "owner" "ls" "ucsdsocial-server"
24 error node v6.17.1
25 error npm  v3.10.10
26 error code E404
27 error 404 Not found : ucsdsocial-server
28 error 404
29 error 404 'ucsdsocial-server' is not in the npm registry.
30 error 404 You should bug the author to publish it (or use the name yourself!)
31 error 404 Note that you can also install from a
32 error 404 tarball, folder, http url, or git url.
33 verbose exit [ 1, true ]
